Arguments: 
  /usr/local/Cellar/node/13.12.0/bin/node /usr/local/Cellar/yarn/1.22.4/libexec/bin/yarn.js add react-dnd react-dnd-html5-backend

PATH: 
  /usr/local/bin:/usr/bin:/bin:/usr/sbin:/sbin

Yarn version: 
  1.22.4

Node version: 
  13.12.0

Platform: 
  darwin x64

Trace: 
  Error: https://registry.yarnpkg.com/@terraqt%2face: Not found
      at Request.params.callback [as _callback] (/usr/local/Cellar/yarn/1.22.4/libexec/lib/cli.js:66987:18)
      at Request.self.callback (/usr/local/Cellar/yarn/1.22.4/libexec/lib/cli.js:140748:22)
      at Request.emit (events.js:315:20)
      at Request.<anonymous> (/usr/local/Cellar/yarn/1.22.4/libexec/lib/cli.js:141720:10)
      at Request.emit (events.js:315:20)
      at IncomingMessage.<anonymous> (/usr/local/Cellar/yarn/1.22.4/libexec/lib/cli.js:141642:12)
      at Object.onceWrapper (events.js:421:28)
      at IncomingMessage.emit (events.js:327:22)
      at endReadableNT (_stream_readable.js:1201:12)
      at processTicksAndRejections (internal/process/task_queues.js:84:21)

npm manifest: 
  {
    "name": "thor",
    "version": "0.1.0",
    "private": true,
    "dependencies": {
      "@babel/core": "7.6.0",
      "@svgr/webpack": "4.3.2",
      "@terraqt/ace": "^0.1.0",
      "@terraqt/garden": "^0.2.2",
      "@turf/area": "^6.0.1",
      "@typescript-eslint/eslint-plugin": "^2.2.0",
      "@typescript-eslint/parser": "^2.2.0",
      "antd": "^4.4.1",
      "axios": "^0.19.2",
      "babel-eslint": "10.0.3",
      "babel-jest": "^24.9.0",
      "babel-loader": "8.0.6",
      "babel-plugin-import": "^1.12.2",
      "babel-plugin-named-asset-import": "^0.3.4",
      "babel-preset-react-app": "^9.0.2",
      "camelcase": "^5.2.0",
      "case-sensitive-paths-webpack-plugin": "2.2.0",
      "classnames": "^2.2.6",
      "css-loader": "2.1.1",
      "dotenv": "6.2.0",
      "dotenv-expand": "5.1.0",
      "eslint": "^6.1.0",
      "eslint-config-react-app": "^5.0.2",
      "eslint-loader": "3.0.2",
      "eslint-plugin-flowtype": "3.13.0",
      "eslint-plugin-import": "2.18.2",
      "eslint-plugin-jsx-a11y": "6.2.3",
      "eslint-plugin-react": "7.14.3",
      "eslint-plugin-react-hooks": "^1.6.1",
      "exifreader": "^3.12.0",
      "file-loader": "3.0.1",
      "fs-extra": "7.0.1",
      "garden": "0.0.5",
      "html-webpack-plugin": "4.0.0-beta.5",
      "identity-obj-proxy": "3.0.0",
      "is-wsl": "^1.1.0",
      "jest": "24.9.0",
      "jest-environment-jsdom-fourteen": "0.1.0",
      "jest-resolve": "24.9.0",
      "jest-watch-typeahead": "0.4.0",
      "less": "^3.10.3",
      "less-loader": "^5.0.0",
      "lodash": "^4.17.15",
      "mini-css-extract-plugin": "0.8.0",
      "optimize-css-assets-webpack-plugin": "5.0.3",
      "pnp-webpack-plugin": "1.5.0",
      "postcss-flexbugs-fixes": "4.1.0",
      "postcss-loader": "3.0.0",
      "postcss-normalize": "7.0.1",
      "postcss-preset-env": "6.7.0",
      "postcss-safe-parser": "4.0.1",
      "prop-types": "^15.7.2",
      "react": "^16.10.2",
      "react-app-polyfill": "^1.0.4",
      "react-color": "^2.18.0",
      "react-dev-utils": "^9.1.0",
      "react-dom": "^16.10.2",
      "react-draggable": "^4.1.0",
      "react-hook-form": "^4.0.0",
      "react-json-view": "^1.19.1",
      "react-router-dom": "^5.1.2",
      "recharts": "^1.8.5",
      "resolve": "1.12.0",
      "resolve-url-loader": "3.1.0",
      "sass-loader": "7.2.0",
      "semver": "6.3.0",
      "source-map-explorer": "^2.4.0",
      "style-loader": "1.0.0",
      "terser-webpack-plugin": "1.4.1",
      "ts-pnp": "1.1.4",
      "url-loader": "2.1.0",
      "webpack": "4.41.0",
      "webpack-dev-server": "3.2.1",
      "webpack-manifest-plugin": "2.1.1",
      "workbox-webpack-plugin": "4.3.1"
    },
    "scripts": {
      "start": "node scripts/start.js",
      "build": "node scripts/build.js",
      "analyze": "source-map-explorer 'build/static/js/*.js'",
      "test": "node scripts/test.js"
    },
    "eslintConfig": {
      "extends": "react-app"
    },
    "browserslist": {
      "production": [
        ">0.2%",
        "not dead",
        "not op_mini all"
      ],
      "development": [
        "last 1 chrome version",
        "last 1 firefox version",
        "last 1 safari version"
      ]
    },
    "jest": {
      "roots": [
        "<rootDir>/src"
      ],
      "collectCoverageFrom": [
        "src/**/*.{js,jsx,ts,tsx}",
        "!src/**/*.d.ts"
      ],
      "setupFiles": [
        "react-app-polyfill/jsdom"
      ],
      "setupFilesAfterEnv": [],
      "testMatch": [
        "<rootDir>/src/**/__tests__/**/*.{js,jsx,ts,tsx}",
        "<rootDir>/src/**/*.{spec,test}.{js,jsx,ts,tsx}"
      ],
      "testEnvironment": "jest-environment-jsdom-fourteen",
      "transform": {
        "^.+\\.(js|jsx|ts|tsx)$": "<rootDir>/node_modules/babel-jest",
        "^.+\\.css$": "<rootDir>/config/jest/cssTransform.js",
        "^(?!.*\\.(js|jsx|ts|tsx|css|json)$)": "<rootDir>/config/jest/fileTransform.js"
      },
      "transformIgnorePatterns": [
        "[/\\\\]node_modules[/\\\\].+\\.(js|jsx|ts|tsx)$",
        "^.+\\.module\\.(css|sass|scss)$"
      ],
      "modulePaths": [],
      "moduleNameMapper": {
        "^react-native$": "react-native-web",
        "^.+\\.module\\.(css|sass|scss)$": "identity-obj-proxy"
      },
      "moduleFileExtensions": [
        "web.js",
        "js",
        "web.ts",
        "ts",
        "web.tsx",
        "tsx",
        "json",
        "web.jsx",
        "jsx",
        "node"
      ],
      "watchPlugins": [
        "jest-watch-typeahead/filename",
        "jest-watch-typeahead/testname"
      ]
    },
    "babel": {
      "presets": [
        "react-app",
        [
          "@babel/env",
          {
            "targets": {
              "node": 6
            }
          }
        ]
      ],
      "plugins": [
        [
          "lodash"
        ],
        [
          "import",
          {
            "libraryName": "antd",
            "libraryDirectory": "es",
            "style": true
          }
        ]
      ]
    },
    "devDependencies": {
      "antd-dayjs-webpack-plugin": "0.0.8",
      "babel-plugin-lodash": "^3.3.4",
      "babel-plugin-recharts": "^1.2.1",
      "node-sass": "^4.12.0"
    }
  }

yarn manifest: 
  No manifest

Lockfile: 
  No lockfile
